<?xml version="1.0" encoding="UTF-8"?>
<!-- Generated by org.testng.reporters.JUnitReportReporter -->
<testsuite hostname="EC2AMAZ-S11DBRH" failures="0" tests="4" name="parallelScripts.SamplethreeTest" time="0.024" errors="0" timestamp="2023-08-18T05:52:30 GMT" skipped="0">
  <testcase classname="parallelScripts.SamplethreeTest" name="testTwo" time="0.012"/>
  <system-out/>
  <testcase classname="parallelScripts.SamplethreeTest" name="testThree" time="0.001"/>
  <system-out/>
  <testcase classname="parallelScripts.SamplethreeTest" name="testFour" time="0.007"/>
  <system-out/>
  <testcase classname="parallelScripts.SamplethreeTest" name="testOne" time="0.004"/>
  <system-out/>
</testsuite> <!-- parallelScripts.SamplethreeTest -->
