<?xml version="1.0" encoding="UTF-8"?>
<!-- Generated by org.testng.reporters.JUnitReportReporter -->
<testsuite hostname="EC2AMAZ-S11DBRH" failures="0" tests="1" name="RemoteBrowser.RemoteDriverTest" time="8.376" errors="0" timestamp="2023-08-23T06:59:43 GMT" skipped="0">
  <testcase classname="RemoteBrowser.RemoteDriverTest" name="remoteTest" time="8.376"/>
  <system-out/>
</testsuite> <!-- RemoteBrowser.RemoteDriverTest -->
