<?xml version="1.0" encoding="UTF-8"?>
<!-- Generated by org.testng.reporters.JUnitReportReporter -->
<testsuite hostname="EC2AMAZ-S11DBRH" failures="0" tests="1" name="RemoteBrowser.HTMLUnitTest" time="4.190" errors="0" timestamp="2023-08-23T06:24:39 GMT" skipped="0">
  <testcase classname="RemoteBrowser.HTMLUnitTest" name="headlesstest" time="4.190"/>
  <system-out/>
</testsuite> <!-- RemoteBrowser.HTMLUnitTest -->
