<?xml version="1.0" encoding="UTF-8"?>
<!-- Generated by org.testng.reporters.JUnitReportReporter -->
<testsuite hostname="EC2AMAZ-S11DBRH" failures="0" tests="2" name="testScripts.SamplethreeTest" time="0.018" errors="0" timestamp="2023-08-17T07:40:00 GMT" skipped="0">
  <testcase classname="testScripts.SamplethreeTest" name="testTwo" time="0.003"/>
  <system-out/>
  <testcase classname="testScripts.SamplethreeTest" name="testOne" time="0.015"/>
  <system-out/>
</testsuite> <!-- testScripts.SamplethreeTest -->
