<?xml version="1.0" encoding="UTF-8"?>
<!-- Generated by org.testng.reporters.JUnitReportReporter -->
<testsuite hostname="EC2AMAZ-S11DBRH" failures="0" tests="1" name="testScripts.GooglePageTest" time="3.995" errors="0" timestamp="2023-08-17T06:14:34 GMT" skipped="0">
  <testcase classname="testScripts.GooglePageTest" name="searchSeleniumTest" time="3.995"/>
  <system-out/>
</testsuite> <!-- testScripts.GooglePageTest -->
